<?xml version="1.0" encoding="UTF-8"?>
<testng-results ignored="0" total="1" passed="1" failed="0" skipped="0">
  <reporter-output>
  </reporter-output>
  <suite started-at="2025-09-28T13:58:20 IST" name="Default suite" finished-at="2025-09-28T13:58:20 IST" duration-ms="126">
    <groups>
    </groups>
    <test started-at="2025-09-28T13:58:20 IST" name="Default test" finished-at="2025-09-28T13:58:20 IST" duration-ms="126">
      <class name="streamsAndLambda.test1">
        <test-method signature="regular()[pri:0, instance:streamsAndLambda.test1@574b560f]" started-at="2025-09-28T13:58:20 IST" name="regular" finished-at="2025-09-28T13:58:20 IST" duration-ms="25" status="PASS">
          <reporter-output>
          </reporter-output>
        </test-method> <!-- regular -->
      </class> <!-- streamsAndLambda.test1 -->
    </test> <!-- Default test -->
  </suite> <!-- Default suite -->
</testng-results>
